<?xml version="1.0" encoding="utf-8"?><testsuites name="pytest tests"><testsuite name="pytest" errors="0" failures="1" skipped="0" tests="17" time="117.551" timestamp="2026-05-30T22:16:27.635656+00:00" hostname="agent-env-df6e71a5-f2a8-4227-84a3-f51b69e8ac77"><testcase classname="backend.tests.test_iter15_multishot.TestJobLifecycle" name="test_progress_monotonic_and_reaches_100" time="88.184" /><testcase classname="backend.tests.test_iter15_multishot.TestJobLifecycle" name="test_plans_length_grows_to_3" time="0.000" /><testcase classname="backend.tests.test_iter15_multishot.TestJobLifecycle" name="test_running_state_seen" time="0.000" /><testcase classname="backend.tests.test_iter15_multishot.TestJobLifecycle" name="test_current_step_mentions_profiles" time="0.000" /><testcase classname="backend.tests.test_iter15_multishot.TestFinalShape" name="test_three_plans_with_required_keys" time="0.000" /><testcase classname="backend.tests.test_iter15_multishot.TestFinalShape" name="test_profile_ltv_caps_in_goal_summary" time="0.000" /><testcase classname="backend.tests.test_iter15_multishot.TestFinalShape" name="test_simulation_ltv_finale_respects_cap_tolerance" time="0.000"><failure message="AssertionError: aggressivo simulation ltv_finale 110.05 exceeds 75+5&#10;assert 110.05 &lt;= (75 + 5)">backend/tests/test_iter15_multishot.py:149: in test_simulation_ltv_finale_respects_cap_tolerance
    assert ltv_fin &lt;= cap + 5, f"{p['profile_id']} simulation ltv_finale {ltv_fin} exceeds {cap}+5"
E   AssertionError: aggressivo simulation ltv_finale 110.05 exceeds 75+5
E   assert 110.05 &lt;= (75 + 5)</failure></testcase><testcase classname="backend.tests.test_iter15_multishot.TestSaveSingle" name="test_save_bilanciato_persists" time="0.273" /><testcase classname="backend.tests.test_iter15_multishot.TestSaveSingle" name="test_save_invalid_profile_id_404" time="0.107" /><testcase classname="backend.tests.test_iter15_multishot.TestSaveSingle" name="test_delete_bilanciato_cleanup" time="0.120" /><testcase classname="backend.tests.test_iter15_multishot.TestSaveAllAndCompare" name="test_save_all_returns_3" time="0.239" /><testcase classname="backend.tests.test_iter15_multishot.TestSaveAllAndCompare" name="test_compare_three_scenarios" time="0.119" /><testcase classname="backend.tests.test_iter15_multishot.TestErrors" name="test_get_invalid_job_id_404" time="0.140" /><testcase classname="backend.tests.test_iter15_multishot.TestErrors" name="test_save_invalid_job_id_404" time="0.104" /><testcase classname="backend.tests.test_iter15_multishot.TestErrors" name="test_no_auth_returns_401" time="0.120" /><testcase classname="backend.tests.test_iter15_multishot.TestLegacyRegression" name="test_single_shot_still_works" time="27.490" /><testcase classname="backend.tests.test_iter15_multishot.TestCleanup" name="test_cleanup_all_created" time="0.566" /></testsuite></testsuites>