<?xml version="1.0" encoding="utf-8"?><testsuites name="pytest tests"><testsuite name="pytest" errors="0" failures="0" skipped="0" tests="24" time="10.913" timestamp="2026-05-29T12:08:04.252705+00:00" hostname="agent-env-df6e71a5-f2a8-4227-84a3-f51b69e8ac77"><testcase classname="backend.tests.test_iter9_refactor.TestAuth" name="test_me" time="0.532" /><testcase classname="backend.tests.test_iter9_refactor.TestAuth" name="test_me_unauthorized" time="0.099" /><testcase classname="backend.tests.test_iter9_refactor.TestProperties" name="test_list_properties" time="0.113" /><testcase classname="backend.tests.test_iter9_refactor.TestProperties" name="test_create_and_enrichment" time="0.321" /><testcase classname="backend.tests.test_iter9_refactor.TestAIDealAnalyze" name="test_deal_analyze" time="0.143" /><testcase classname="backend.tests.test_iter9_refactor.TestDealsAndWatchlists" name="test_list_deals" time="0.100" /><testcase classname="backend.tests.test_iter9_refactor.TestDealsAndWatchlists" name="test_watchlists_crud" time="0.111" /><testcase classname="backend.tests.test_iter9_refactor.TestImports" name="test_template_immobili" time="0.110" /><testcase classname="backend.tests.test_iter9_refactor.TestImports" name="test_bilanci_latest" time="0.118" /><testcase classname="backend.tests.test_iter9_refactor.TestImports" name="test_bilanci_storico" time="0.108" /><testcase classname="backend.tests.test_iter9_refactor.TestImports" name="test_banca_paging_and_filter" time="0.124" /><testcase classname="backend.tests.test_iter9_refactor.TestImports" name="test_banca_cashflow_mensile" time="0.117" /><testcase classname="backend.tests.test_iter9_refactor.TestImports" name="test_immobili_parse_with_template" time="0.238" /><testcase classname="backend.tests.test_iter9_refactor.TestImports" name="test_bilancio_parse_gracefully_fails" time="6.791" /><testcase classname="backend.tests.test_iter9_refactor.TestSettings" name="test_get_defaults_no_auth" time="0.138" /><testcase classname="backend.tests.test_iter9_refactor.TestSettings" name="test_get_defaults" time="0.210" /><testcase classname="backend.tests.test_iter9_refactor.TestSettings" name="test_put_settings_persistence" time="0.220" /><testcase classname="backend.tests.test_iter9_refactor.TestSettings" name="test_logo_upload_and_clear" time="0.554" /><testcase classname="backend.tests.test_iter9_refactor.TestSettings" name="test_logo_rejects_non_image" time="0.104" /><testcase classname="backend.tests.test_iter9_refactor.TestReports" name="test_unauthorized" time="0.106" /><testcase classname="backend.tests.test_iter9_refactor.TestReports" name="test_stato_salute_pdf" time="0.125" /><testcase classname="backend.tests.test_iter9_refactor.TestReports" name="test_business_plan_pdf" time="0.118" /><testcase classname="backend.tests.test_iter9_refactor.TestReports" name="test_unknown_report_404" time="0.117" /><testcase classname="backend.tests.test_iter9_refactor.TestReports" name="test_non_pdf_format_400" time="0.102" /></testsuite></testsuites>