<?xml version="1.0" encoding="utf-8"?><testsuites name="pytest tests"><testsuite name="pytest" errors="0" failures="0" skipped="0" tests="22" time="19.865" timestamp="2026-05-29T20:34:19.033359+00:00" hostname="agent-env-df6e71a5-f2a8-4227-84a3-f51b69e8ac77"><testcase classname="backend.tests.test_iter10_forecast.TestForecastCRUD" name="test_create_scenario_basic" time="0.645" /><testcase classname="backend.tests.test_iter10_forecast.TestForecastCRUD" name="test_list_scenarios" time="0.324" /><testcase classname="backend.tests.test_iter10_forecast.TestForecastCRUD" name="test_get_scenario" time="0.225" /><testcase classname="backend.tests.test_iter10_forecast.TestForecastCRUD" name="test_update_scenario" time="0.420" /><testcase classname="backend.tests.test_iter10_forecast.TestForecastCRUD" name="test_delete_scenario" time="0.368" /><testcase classname="backend.tests.test_iter10_forecast.TestForecastCRUD" name="test_get_unknown_404" time="0.119" /><testcase classname="backend.tests.test_iter10_forecast.TestSimulate" name="test_simulate_basic_shape" time="0.233" /><testcase classname="backend.tests.test_iter10_forecast.TestSimulate" name="test_simulate_acquisto_effect" time="0.284" /><testcase classname="backend.tests.test_iter10_forecast.TestOperationTypes" name="test_vendita" time="0.226" /><testcase classname="backend.tests.test_iter10_forecast.TestOperationTypes" name="test_ristrutturazione" time="0.309" /><testcase classname="backend.tests.test_iter10_forecast.TestOperationTypes" name="test_rinegoziazione" time="0.450" /><testcase classname="backend.tests.test_iter10_forecast.TestOperationTypes" name="test_sfitto" time="0.457" /><testcase classname="backend.tests.test_iter10_forecast.TestOperationTypes" name="test_aumento_canone" time="0.450" /><testcase classname="backend.tests.test_iter10_forecast.TestCompare" name="test_compare_two" time="0.314" /><testcase classname="backend.tests.test_iter10_forecast.TestAICoach" name="test_ai_chat_and_history" time="11.208" /><testcase classname="backend.tests.test_iter10_forecast.TestPDF" name="test_pdf_export" time="0.248" /><testcase classname="backend.tests.test_iter10_forecast.TestRealBaseline" name="test_use_real_baseline_no_crash" time="0.229" /><testcase classname="backend.tests.test_iter10_forecast.TestRegression" name="test_report_stato_salute" time="0.158" /><testcase classname="backend.tests.test_iter10_forecast.TestRegression" name="test_report_business_plan" time="0.133" /><testcase classname="backend.tests.test_iter10_forecast.TestRegression" name="test_settings_get" time="0.110" /><testcase classname="backend.tests.test_iter10_forecast.TestRegression" name="test_settings_put" time="0.229" /><testcase classname="backend.tests.test_iter10_forecast.TestRegression" name="test_properties_list" time="2.618" /></testsuite></testsuites>