<?xml version="1.0" encoding="utf-8"?><testsuites name="pytest tests"><testsuite name="pytest" errors="0" failures="0" skipped="0" tests="16" time="2.538" timestamp="2026-05-29T11:16:55.064768+00:00" hostname="agent-env-df6e71a5-f2a8-4227-84a3-f51b69e8ac77"><testcase classname="backend.tests.test_iter7_reports.TestStoricoBilanci" name="test_storico_structure" time="0.465" /><testcase classname="backend.tests.test_iter7_reports.TestStoricoBilanci" name="test_storico_with_data_has_diff" time="0.106" /><testcase classname="backend.tests.test_iter7_reports.TestStoricoBilanci" name="test_storico_chronological_order" time="0.121" /><testcase classname="backend.tests.test_iter7_reports.TestBancaPagination" name="test_default_structure" time="0.109" /><testcase classname="backend.tests.test_iter7_reports.TestBancaPagination" name="test_pagination_second_page" time="0.221" /><testcase classname="backend.tests.test_iter7_reports.TestBancaPagination" name="test_filter_tipo" time="0.241" /><testcase classname="backend.tests.test_iter7_reports.TestBancaPagination" name="test_filter_q_case_insensitive" time="0.133" /><testcase classname="backend.tests.test_iter7_reports.TestCashflowMensile" name="test_structure" time="0.092" /><testcase classname="backend.tests.test_iter7_reports.TestCashflowMensile" name="test_chronological" time="0.100" /><testcase classname="backend.tests.test_iter7_reports.TestReport" name="test_pdf_patrimonio" time="0.201" /><testcase classname="backend.tests.test_iter7_reports.TestReport" name="test_xlsx_patrimonio" time="0.109" /><testcase classname="backend.tests.test_iter7_reports.TestReport" name="test_csv_patrimonio" time="0.102" /><testcase classname="backend.tests.test_iter7_reports.TestReport" name="test_pdf_bilancio" time="0.113" /><testcase classname="backend.tests.test_iter7_reports.TestReport" name="test_unknown_report_404" time="0.115" /><testcase classname="backend.tests.test_iter7_reports.TestReport" name="test_unsupported_format_400" time="0.105" /><testcase classname="backend.tests.test_iter7_reports.TestReport" name="test_report_unauthorized" time="0.119" /></testsuite></testsuites>