<?xml version="1.0" encoding="utf-8"?><testsuites name="pytest tests"><testsuite name="pytest" errors="0" failures="0" skipped="0" tests="15" time="18.146" timestamp="2026-05-29T09:21:56.669263+00:00" hostname="agent-env-df6e71a5-f2a8-4227-84a3-f51b69e8ac77"><testcase classname="backend.tests.test_properties_convert.TestPropertiesCRUD" name="test_list_initial_empty" time="0.777" /><testcase classname="backend.tests.test_properties_convert.TestPropertiesCRUD" name="test_create_property_minimal" time="0.050" /><testcase classname="backend.tests.test_properties_convert.TestPropertiesCRUD" name="test_get_property_by_id" time="0.051" /><testcase classname="backend.tests.test_properties_convert.TestPropertiesCRUD" name="test_get_property_404" time="0.050" /><testcase classname="backend.tests.test_properties_convert.TestPropertiesCRUD" name="test_list_contains_created" time="0.049" /><testcase classname="backend.tests.test_properties_convert.TestPropertiesCRUD" name="test_delete_property" time="0.101" /><testcase classname="backend.tests.test_properties_convert.TestConvertDealQuick" name="test_analyze_deal" time="8.684" /><testcase classname="backend.tests.test_properties_convert.TestConvertDealQuick" name="test_convert_quick" time="0.050" /><testcase classname="backend.tests.test_properties_convert.TestConvertDealQuick" name="test_deal_marked_converted" time="0.049" /><testcase classname="backend.tests.test_properties_convert.TestConvertDealQuick" name="test_convert_404" time="0.048" /><testcase classname="backend.tests.test_properties_convert.TestConvertDealQuick" name="test_cleanup_quick_property" time="0.050" /><testcase classname="backend.tests.test_properties_convert.TestConvertDealDetailed" name="test_analyze_deal" time="7.980" /><testcase classname="backend.tests.test_properties_convert.TestConvertDealDetailed" name="test_convert_with_overrides" time="0.051" /><testcase classname="backend.tests.test_properties_convert.TestConvertDealDetailed" name="test_get_converted_property" time="0.048" /><testcase classname="backend.tests.test_properties_convert.TestConvertDealDetailed" name="test_cleanup_detailed" time="0.046" /></testsuite></testsuites>