<?xml version="1.0" encoding="utf-8"?><testsuites name="pytest tests"><testsuite name="pytest" errors="0" failures="0" skipped="0" tests="19" time="20.427" timestamp="2026-05-29T20:59:21.641407+00:00" hostname="agent-env-df6e71a5-f2a8-4227-84a3-f51b69e8ac77"><testcase classname="backend.tests.test_iter11_alerts.TestAlertShape" name="test_simulate_returns_alerts_per_snapshot" time="1.675" /><testcase classname="backend.tests.test_iter11_alerts.TestAlertTypes" name="test_ltv_alto_critical" time="0.000" /><testcase classname="backend.tests.test_iter11_alerts.TestAlertTypes" name="test_cash_flow_negativo" time="0.226" /><testcase classname="backend.tests.test_iter11_alerts.TestAlertTypes" name="test_liquidita_negativa_and_first_year_set" time="0.240" /><testcase classname="backend.tests.test_iter11_alerts.TestAlertTypes" name="test_patrimonio_negativo_debt_gt_assets" time="0.224" /><testcase classname="backend.tests.test_iter11_alerts.TestAlertTypes" name="test_rata_su_canone_warning" time="0.215" /><testcase classname="backend.tests.test_iter11_alerts.TestAlertTypes" name="test_patrimonio_in_calo_yoy_drop" time="0.223" /><testcase classname="backend.tests.test_iter11_alerts.TestSummaryAggregates" name="test_summary_fields_present" time="0.000" /><testcase classname="backend.tests.test_iter11_alerts.TestSummaryAggregates" name="test_high_leverage_is_critical" time="0.000" /><testcase classname="backend.tests.test_iter11_alerts.TestHealthyScenario" name="test_healthy" time="0.205" /><testcase classname="backend.tests.test_iter11_alerts.TestSettingsThresholds" name="test_thresholds_picked_from_settings" time="0.528" /><testcase classname="backend.tests.test_iter11_alerts.TestAICoachContext" name="test_ai_coach_mentions_alerts" time="13.247" /><testcase classname="backend.tests.test_iter11_alerts.TestPDFSize" name="test_pdf_larger_for_risky" time="0.742" /><testcase classname="backend.tests.test_iter11_alerts.TestCompareIncludesAlerts" name="test_compare_alerts_fields" time="0.385" /><testcase classname="backend.tests.test_iter11_alerts.TestRegression" name="test_login" time="0.341" /><testcase classname="backend.tests.test_iter11_alerts.TestRegression" name="test_list_scenarios" time="0.110" /><testcase classname="backend.tests.test_iter11_alerts.TestRegression" name="test_stato_salute_pdf" time="0.128" /><testcase classname="backend.tests.test_iter11_alerts.TestRegression" name="test_properties" time="0.105" /><testcase classname="backend.tests.test_iter11_alerts.TestRegression" name="test_settings" time="1.733" /></testsuite></testsuites>