<?xml version="1.0" encoding="utf-8"?><testsuites name="pytest tests"><testsuite name="pytest" errors="0" failures="0" skipped="0" tests="7" time="10.100" timestamp="2026-05-29T09:52:08.300382+00:00" hostname="agent-env-df6e71a5-f2a8-4227-84a3-f51b69e8ac77"><testcase classname="backend.tests.test_iter6_realdata" name="test_latest_bilancio_empty" time="0.522" /><testcase classname="backend.tests.test_iter6_realdata" name="test_latest_bilancio_populated" time="0.112" /><testcase classname="backend.tests.test_iter6_realdata" name="test_banca_commit_first_time_creates_all" time="0.068" /><testcase classname="backend.tests.test_iter6_realdata" name="test_banca_commit_second_time_skips_all" time="0.093" /><testcase classname="backend.tests.test_iter6_realdata" name="test_list_banca_returns_movements" time="0.055" /><testcase classname="backend.tests.test_iter6_realdata" name="test_delete_banca" time="0.166" /><testcase classname="backend.tests.test_iter6_realdata" name="test_ai_chat_uses_real_bilancio" time="9.004" /></testsuite></testsuites>