<?xml version="1.0" encoding="utf-8"?><testsuites name="pytest tests"><testsuite name="pytest" errors="0" failures="0" skipped="0" tests="13" time="24.524" timestamp="2026-05-29T08:53:09.353687+00:00" hostname="agent-env-df6e71a5-f2a8-4227-84a3-f51b69e8ac77"><testcase classname="backend.tests.test_deal_inbox.TestDealsAnalyzeValidation" name="test_no_token" time="0.239" /><testcase classname="backend.tests.test_deal_inbox.TestDealsAnalyzeValidation" name="test_missing_input" time="0.528" /><testcase classname="backend.tests.test_deal_inbox.TestWatchlistCRUD" name="test_create_watchlist" time="0.049" /><testcase classname="backend.tests.test_deal_inbox.TestWatchlistCRUD" name="test_list_watchlists" time="0.046" /><testcase classname="backend.tests.test_deal_inbox.TestWatchlistCRUD" name="test_delete_watchlist" time="0.143" /><testcase classname="backend.tests.test_deal_inbox.TestDealsAnalyzeLLM" name="test_analyze_text_milano" time="9.459" /><testcase classname="backend.tests.test_deal_inbox.TestDealsAnalyzeLLM" name="test_analyze_roma_watchlist_match" time="6.703" /><testcase classname="backend.tests.test_deal_inbox.TestDealsAnalyzeLLM" name="test_analyze_url_soft" time="6.421" /><testcase classname="backend.tests.test_deal_inbox.TestDealsLifecycle" name="test_list_all" time="0.048" /><testcase classname="backend.tests.test_deal_inbox.TestDealsLifecycle" name="test_filter_nuovo" time="0.049" /><testcase classname="backend.tests.test_deal_inbox.TestDealsLifecycle" name="test_patch_status" time="0.108" /><testcase classname="backend.tests.test_deal_inbox.TestDealsLifecycle" name="test_patch_status_invalid" time="0.045" /><testcase classname="backend.tests.test_deal_inbox.TestDealsLifecycle" name="test_delete_deal" time="0.621" /></testsuite></testsuites>