<?xml version="1.0" encoding="utf-8"?><testsuites name="pytest tests"><testsuite name="pytest" errors="0" failures="0" skipped="0" tests="25" time="3.655" timestamp="2026-05-29T11:40:08.817343+00:00" hostname="agent-env-df6e71a5-f2a8-4227-84a3-f51b69e8ac77"><testcase classname="backend.tests.test_iter8_reports_router.TestNewPDFReports" name="test_pdf_ok[rendimento]" time="0.612" /><testcase classname="backend.tests.test_iter8_reports_router.TestNewPDFReports" name="test_pdf_ok[affitti]" time="0.143" /><testcase classname="backend.tests.test_iter8_reports_router.TestNewPDFReports" name="test_pdf_ok[vendite]" time="0.149" /><testcase classname="backend.tests.test_iter8_reports_router.TestNewPDFReports" name="test_pdf_ok[lavori]" time="0.112" /><testcase classname="backend.tests.test_iter8_reports_router.TestNewPDFReports" name="test_pdf_ok[cashflow]" time="0.107" /><testcase classname="backend.tests.test_iter8_reports_router.TestNewPDFReports" name="test_pdf_ok[mutui]" time="0.102" /><testcase classname="backend.tests.test_iter8_reports_router.TestExistingReports" name="test_patrimonio_pdf" time="0.106" /><testcase classname="backend.tests.test_iter8_reports_router.TestExistingReports" name="test_patrimonio_xlsx" time="0.167" /><testcase classname="backend.tests.test_iter8_reports_router.TestExistingReports" name="test_patrimonio_csv" time="0.116" /><testcase classname="backend.tests.test_iter8_reports_router.TestExistingReports" name="test_bilancio_pdf" time="0.105" /><testcase classname="backend.tests.test_iter8_reports_router.TestRendimentoFormats" name="test_rendimento_xlsx" time="0.106" /><testcase classname="backend.tests.test_iter8_reports_router.TestRendimentoFormats" name="test_rendimento_csv" time="0.113" /><testcase classname="backend.tests.test_iter8_reports_router.TestReportErrors" name="test_affitti_xlsx_returns_400" time="0.108" /><testcase classname="backend.tests.test_iter8_reports_router.TestReportErrors" name="test_unknown_pdf_404" time="0.120" /><testcase classname="backend.tests.test_iter8_reports_router.TestReportErrors" name="test_patrimonio_xml_400" time="0.106" /><testcase classname="backend.tests.test_iter8_reports_router.TestReportErrors" name="test_report_unauthorized" time="0.102" /><testcase classname="backend.tests.test_iter8_reports_router.TestRegressionEndpoints" name="test_auth_login" time="0.326" /><testcase classname="backend.tests.test_iter8_reports_router.TestRegressionEndpoints" name="test_auth_me" time="0.103" /><testcase classname="backend.tests.test_iter8_reports_router.TestRegressionEndpoints" name="test_properties_list" time="0.117" /><testcase classname="backend.tests.test_iter8_reports_router.TestRegressionEndpoints" name="test_deals_list" time="0.103" /><testcase classname="backend.tests.test_iter8_reports_router.TestRegressionEndpoints" name="test_watchlists_list" time="0.118" /><testcase classname="backend.tests.test_iter8_reports_router.TestRegressionEndpoints" name="test_import_banca_list" time="0.108" /><testcase classname="backend.tests.test_iter8_reports_router.TestRegressionEndpoints" name="test_bilanci_storico" time="0.101" /><testcase classname="backend.tests.test_iter8_reports_router.TestRegressionEndpoints" name="test_cashflow_mensile" time="0.103" /><testcase classname="backend.tests.test_iter8_reports_router.TestRegressionEndpoints" name="test_ai_chat_endpoint_responds" time="0.110" /></testsuite></testsuites>