<?xml version="1.0" encoding="utf-8"?><testsuites name="pytest tests"><testsuite name="pytest" errors="0" failures="0" skipped="0" tests="8" time="2.803" timestamp="2026-05-31T12:32:38.636281+00:00" hostname="agent-env-df6e71a5-f2a8-4227-84a3-f51b69e8ac77"><testcase classname="backend.tests.test_iter18_operazione" name="test_create_property_with_operazione_persists[reddito]" time="0.739" /><testcase classname="backend.tests.test_iter18_operazione" name="test_create_property_with_operazione_persists[compra_vendi]" time="0.342" /><testcase classname="backend.tests.test_iter18_operazione" name="test_create_property_with_operazione_persists[compra_ristruttura_vendi]" time="0.351" /><testcase classname="backend.tests.test_iter18_operazione" name="test_template_has_operazione_column" time="0.120" /><testcase classname="backend.tests.test_iter18_operazione" name="test_parse_with_explicit_operazione_compra_vendi" time="0.133" /><testcase classname="backend.tests.test_iter18_operazione" name="test_parse_with_empty_operazione_defaults" time="0.135" /><testcase classname="backend.tests.test_iter18_operazione" name="test_commit_persists_operazione" time="0.454" /><testcase classname="backend.tests.test_iter18_operazione" name="test_cleanup_test_properties" time="0.213" /></testsuite></testsuites>