<?xml version="1.0" encoding="utf-8"?><testsuites name="pytest tests"><testsuite name="pytest" errors="0" failures="0" skipped="0" tests="15" time="1.984" timestamp="2026-05-30T22:32:28.777998+00:00" hostname="agent-env-df6e71a5-f2a8-4227-84a3-f51b69e8ac77"><testcase classname="backend.tests.test_iter16_investor_book.TestInvestorBookEndpoint" name="test_no_token_401" time="0.200" /><testcase classname="backend.tests.test_iter16_investor_book.TestInvestorBookEndpoint" name="test_unknown_report_404" time="0.580" /><testcase classname="backend.tests.test_iter16_investor_book.TestInvestorBookEndpoint" name="test_invalid_fmt_400" time="0.148" /><testcase classname="backend.tests.test_iter16_investor_book.TestInvestorBookEndpoint" name="test_investor_book_pdf_200" time="0.313" /><testcase classname="backend.tests.test_iter16_investor_book.TestExistingReportsRegression" name="test_stato_salute_pdf" time="0.127" /><testcase classname="backend.tests.test_iter16_investor_book.TestExistingReportsRegression" name="test_business_plan_pdf" time="0.134" /><testcase classname="backend.tests.test_iter16_investor_book.TestInvestorBookContent" name="test_min_pages" time="0.377" /><testcase classname="backend.tests.test_iter16_investor_book.TestInvestorBookContent" name="test_cover_brand_and_title" time="0.000" /><testcase classname="backend.tests.test_iter16_investor_book.TestInvestorBookContent" name="test_cover_kpis" time="0.000" /><testcase classname="backend.tests.test_iter16_investor_book.TestInvestorBookContent" name="test_kpi_aggregates_numeric" time="0.000" /><testcase classname="backend.tests.test_iter16_investor_book.TestInvestorBookContent" name="test_property_section_headers" time="0.000" /><testcase classname="backend.tests.test_iter16_investor_book.TestInvestorBookContent" name="test_property_sections_present" time="0.000" /><testcase classname="backend.tests.test_iter16_investor_book.TestInvestorBookContent" name="test_tenants_and_dates" time="0.000" /><testcase classname="backend.tests.test_iter16_investor_book.TestInvestorBookContent" name="test_recap_table" time="0.000" /><testcase classname="backend.tests.test_iter16_investor_book.TestInvestorBookContent" name="test_images_embedded_size" time="0.000" /></testsuite></testsuites>