<?xml version="1.0" encoding="utf-8"?><testsuites name="pytest tests"><testsuite name="pytest" errors="0" failures="0" skipped="0" tests="6" time="2.842" timestamp="2026-05-30T22:57:19.755383+00:00" hostname="agent-env-df6e71a5-f2a8-4227-84a3-f51b69e8ac77"><testcase classname="backend.tests.test_iter17_locazione.TestLocazionePatch" name="test_full_workflow_create_patch_get_partial_delete" time="1.017" /><testcase classname="backend.tests.test_iter17_locazione.TestLocazionePatch" name="test_empty_body_returns_400" time="0.370" /><testcase classname="backend.tests.test_iter17_locazione.TestLocazionePatch" name="test_invalid_id_returns_404" time="0.128" /><testcase classname="backend.tests.test_iter17_locazione.TestLocazionePatch" name="test_auth_required" time="0.106" /><testcase classname="backend.tests.test_iter17_locazione.TestPropertyInLocazioneFields" name="test_post_with_locazione_fields_persists" time="0.324" /><testcase classname="backend.tests.test_iter17_locazione.TestInvestorBookRegression" name="test_investor_book_reflects_patched_canone" time="0.800" /></testsuite></testsuites>