<?xml version="1.0" encoding="utf-8"?><testsuites name="pytest tests"><testsuite name="pytest" errors="0" failures="0" skipped="0" tests="20" time="352.823" timestamp="2026-05-30T21:48:58.027301+00:00" hostname="agent-env-df6e71a5-f2a8-4227-84a3-f51b69e8ac77"><testcase classname="backend.tests.test_iter14_auto_optimize.TestAuth" name="test_login_works" time="0.352" /><testcase classname="backend.tests.test_iter14_auto_optimize.TestAuth" name="test_no_token_returns_401" time="0.117" /><testcase classname="backend.tests.test_iter14_auto_optimize.TestValidation" name="test_missing_body_422" time="0.114" /><testcase classname="backend.tests.test_iter14_auto_optimize.TestValidation" name="test_only_required_field_succeeds" time="26.658" /><testcase classname="backend.tests.test_iter14_auto_optimize.TestBasicSuccess" name="test_basic_mista_5y" time="27.003" /><testcase classname="backend.tests.test_iter14_auto_optimize.TestProfilesAndStrategies" name="test_propensione_bassa" time="20.546" /><testcase classname="backend.tests.test_iter14_auto_optimize.TestProfilesAndStrategies" name="test_propensione_alta_more_ops" time="29.610" /><testcase classname="backend.tests.test_iter14_auto_optimize.TestProfilesAndStrategies" name="test_strategia_reddito_no_vendite" time="47.186" /><testcase classname="backend.tests.test_iter14_auto_optimize.TestProfilesAndStrategies" name="test_strategia_rivendita_has_vendite" time="27.269" /><testcase classname="backend.tests.test_iter14_auto_optimize.TestEdgeCases" name="test_unreachable_target_no_500" time="32.139" /><testcase classname="backend.tests.test_iter14_auto_optimize.TestEdgeCases" name="test_vincoli_extra_first_years_no_vendita" time="27.365" /><testcase classname="backend.tests.test_iter14_auto_optimize.TestEdgeCases" name="test_capitale_disponibile_null_fallback" time="25.489" /><testcase classname="backend.tests.test_iter14_auto_optimize.TestOperationsNormalization" name="test_operations_well_formed" time="31.970" /><testcase classname="backend.tests.test_iter14_auto_optimize.TestSaveFlag" name="test_save_false_no_persist" time="27.971" /><testcase classname="backend.tests.test_iter14_auto_optimize.TestSaveFlag" name="test_save_true_persists_and_cleanup" time="27.796" /><testcase classname="backend.tests.test_iter14_auto_optimize.TestRegression" name="test_login_endpoint" time="0.326" /><testcase classname="backend.tests.test_iter14_auto_optimize.TestRegression" name="test_get_scenarios" time="0.108" /><testcase classname="backend.tests.test_iter14_auto_optimize.TestRegression" name="test_simulate_existing_scenario" time="0.263" /><testcase classname="backend.tests.test_iter14_auto_optimize.TestRegression" name="test_stato_salute_pdf" time="0.114" /><testcase classname="backend.tests.test_iter14_auto_optimize.TestCleanup" name="test_cleanup_test_scenarios" time="0.358" /></testsuite></testsuites>