<?xml version="1.0" encoding="utf-8"?><testsuites name="pytest tests"><testsuite name="pytest" errors="0" failures="0" skipped="1" tests="4" time="23.298" timestamp="2026-05-31T18:04:46.959186+00:00" hostname="agent-env-df6e71a5-f2a8-4227-84a3-f51b69e8ac77"><testcase classname="backend.tests.test_iter19_forecast_quick" name="test_quick_forecast_params_only" time="0.561" /><testcase classname="backend.tests.test_iter19_forecast_quick" name="test_quick_forecast_prompt_only" time="22.354" /><testcase classname="backend.tests.test_iter19_forecast_quick" name="test_quick_forecast_missing_both" time="0.170" /><testcase classname="backend.tests.test_iter19_forecast_quick" name="test_cleanup_quick_scenarios" time="0.146"><skipped type="pytest.skip" message="cannot list scenarios: 404">/app/backend/tests/test_iter19_forecast_quick.py:92: cannot list scenarios: 404</skipped></testcase></testsuite></testsuites>