<?xml version="1.0" encoding="utf-8"?><testsuites name="pytest tests"><testsuite name="pytest" errors="0" failures="0" skipped="0" tests="7" time="10.341" timestamp="2026-05-29T09:41:36.877693+00:00" hostname="agent-env-df6e71a5-f2a8-4227-84a3-f51b69e8ac77"><testcase classname="backend.tests.test_import_center" name="test_template_download_content" time="0.471" /><testcase classname="backend.tests.test_import_center" name="test_parse_immobili_with_template" time="0.060" /><testcase classname="backend.tests.test_import_center" name="test_commit_immobili_creates_property" time="0.150" /><testcase classname="backend.tests.test_import_center" name="test_parse_bilancio_ai" time="9.032" /><testcase classname="backend.tests.test_import_center" name="test_commit_bilancio_and_list" time="0.155" /><testcase classname="backend.tests.test_import_center" name="test_parse_banca_matches_canone" time="0.121" /><testcase classname="backend.tests.test_import_center" name="test_commit_banca" time="0.106" /></testsuite></testsuites>