<?xml version="1.0" encoding="utf-8"?><testsuites name="pytest tests"><testsuite name="pytest" errors="0" failures="0" skipped="0" tests="14" time="7.179" timestamp="2026-05-28T22:21:41.043633+00:00" hostname="agent-env-df6e71a5-f2a8-4227-84a3-f51b69e8ac77"><testcase classname="backend.tests.backend_test.TestAuth" name="test_root" time="0.244" /><testcase classname="backend.tests.backend_test.TestAuth" name="test_login_success" time="0.287" /><testcase classname="backend.tests.backend_test.TestAuth" name="test_login_invalid" time="0.281" /><testcase classname="backend.tests.backend_test.TestAuth" name="test_login_unknown_email" time="0.056" /><testcase classname="backend.tests.backend_test.TestAuth" name="test_me" time="0.402" /><testcase classname="backend.tests.backend_test.TestAuth" name="test_me_no_token" time="0.085" /><testcase classname="backend.tests.backend_test.TestAuth" name="test_me_invalid_token" time="0.053" /><testcase classname="backend.tests.backend_test.TestAuth" name="test_demo_accounts" time="0.054" /><testcase classname="backend.tests.backend_test.TestDealAnalyze" name="test_deal_analyze_basic" time="0.060" /><testcase classname="backend.tests.backend_test.TestDealAnalyze" name="test_deal_analyze_no_token" time="0.057" /><testcase classname="backend.tests.backend_test.TestDealAnalyze" name="test_deal_analyze_no_canone" time="0.055" /><testcase classname="backend.tests.backend_test.TestAIChat" name="test_ai_chat_no_token" time="0.055" /><testcase classname="backend.tests.backend_test.TestAIChat" name="test_ai_chat_claude" time="4.262" /><testcase classname="backend.tests.backend_test.TestAIChat" name="test_ai_history" time="1.059" /></testsuite></testsuites>